mobile/android/AppBoxSdk/proguard/seeds.txt
com.taobao.alipay.script.sdk.ConsumerProperties
com.taobao.alipay.script.sdk.ConsumerProperties: java.util.Properties consumerProperties
com.taobao.alipay.script.sdk.ConsumerProperties: java.util.Map pool
com.taobao.alipay.script.sdk.ConsumerProperties: java.net.URL getResource(java.lang.String,java.lang.ClassLoader)
com.taobao.alipay.script.sdk.ConsumerProperties: java.util.Properties getProperties(java.net.URL)
com.taobao.alipay.script.sdk.ConsumerProperties: ConsumerProperties(java.lang.String,java.lang.ClassLoader)
com.taobao.alipay.script.sdk.ConsumerProperties: ConsumerProperties(java.util.Properties)
com.taobao.alipay.script.sdk.ConsumerProperties: com.taobao.alipay.script.sdk.OAuthConsumer getConsumer(java.lang.String)
com.taobao.alipay.script.sdk.ConsumerProperties: com.taobao.alipay.script.sdk.OAuthConsumer newConsumer(java.lang.String)
com.taobao.alipay.script.sdk.ConsumerProperties: java.lang.String getURL(java.net.URL,java.lang.String)
com.taobao.alipay.script.sdk.Decoder
com.taobao.alipay.script.sdk.Decoder: java.lang.Object decode(java.lang.Object)
com.taobao.alipay.script.sdk.DecoderException
com.taobao.alipay.script.sdk.DecoderException: DecoderException(java.lang.String)
com.taobao.alipay.script.sdk.DigestUtils
com.taobao.alipay.script.sdk.DigestUtils: DigestUtils()
com.taobao.alipay.script.sdk.DigestUtils: java.security.MessageDigest getDigest(java.lang.String)
com.taobao.alipay.script.sdk.DigestUtils: java.security.MessageDigest getMd5Digest()
com.taobao.alipay.script.sdk.DigestUtils: java.security.MessageDigest getShaDigest()
com.taobao.alipay.script.sdk.DigestUtils: byte[] md5(byte[])
com.taobao.alipay.script.sdk.DigestUtils: byte[] md5(java.lang.String)
com.taobao.alipay.script.sdk.DigestUtils: java.lang.String md5Hex(byte[])
com.taobao.alipay.script.sdk.DigestUtils: java.lang.String md5Hex(java.lang.String)
com.taobao.alipay.script.sdk.DigestUtils: byte[] sha(byte[])
com.taobao.alipay.script.sdk.DigestUtils: byte[] sha(java.lang.String)
com.taobao.alipay.script.sdk.DigestUtils: java.lang.String shaHex(byte[])
com.taobao.alipay.script.sdk.DigestUtils: java.lang.String shaHex(java.lang.String)
com.taobao.alipay.script.sdk.DoubanQuery
com.taobao.alipay.script.sdk.DoubanQuery: java.lang.String APIKEY
com.taobao.alipay.script.sdk.DoubanQuery: DoubanQuery(java.net.URL)
com.taobao.alipay.script.sdk.DoubanQuery: void setFullTextQuery(java.lang.String)
com.taobao.alipay.script.sdk.DoubanQuery: java.lang.String getApiKey()
com.taobao.alipay.script.sdk.DoubanQuery: void setApiKey(java.lang.String)
com.taobao.alipay.script.sdk.DoubanQuery: void overwriteCustomParameter(java.lang.String,java.lang.String)
com.taobao.alipay.script.sdk.DoubanQuery: java.lang.String getCustomParameterValue(java.lang.String)
com.taobao.alipay.script.sdk.DoubanUtil
com.taobao.alipay.script.sdk.DoubanUtil: java.lang.String apiKey
com.taobao.alipay.script.sdk.DoubanUtil: java.lang.String secret
com.taobao.alipay.script.sdk.DoubanUtil: java.lang.String callback
com.taobao.alipay.script.sdk.DoubanUtil: void <clinit>()
com.taobao.alipay.script.sdk.DoubanUtil: DoubanUtil()