mobile/android/AppBoxSdk/proguard/mapping.txt
com.switfpass.pay.activity.PaySDKCaptureActivity -> com.switfpass.pay.activity.PaySDKCaptureActivity:
    java.lang.String N -> N
    com.switfpass.pay.activity.zxing.decoding.PayCaptureActivityHandler O -> O
    com.switfpass.pay.activity.zxing.ViewfinderView P -> P
    boolean Q -> Q
    android.widget.TextView R -> R
    android.widget.TextView S -> S
    com.switfpass.pay.activity.zxing.decoding.InactivityTimer T -> T
    android.media.MediaPlayer U -> U
    boolean V -> V
    boolean W -> W
    java.lang.String X -> X
    android.content.Context mContext -> mContext
    com.switfpass.pay.utils.ProgressInfoDialog Y -> Y
    com.switfpass.pay.utils.ProgressInfoDialog Z -> Z
    android.app.AlertDialog aa -> aa
    java.lang.String ab -> ab
    boolean ac -> ac
    android.os.Handler mHandler -> mHandler
    android.widget.RelativeLayout ad -> ad
    com.switfpass.pay.utils.DialogInfoSdk ae -> ae
    com.switfpass.pay.utils.DialogInfoSdk af -> af
    com.switfpass.pay.bean.RequestMsg ag -> ag
    android.media.MediaPlayer$OnCompletionListener ah -> ah
    java.lang.String title -> title
    boolean ai -> ai
    int count -> count
    com.switfpass.pay.utils.DialogInfoSdk aj -> aj
    long ak -> ak
    java.lang.Runnable al -> al
    void onCreate(android.os.Bundle) -> onCreate
    boolean onKeyDown(int,android.view.KeyEvent) -> onKeyDown
    void startActivity(android.content.Context,com.switfpass.pay.bean.RequestMsg) -> startActivity
    void onResume() -> onResume
com.switfpass.pay.activity.Q -> com.switfpass.pay.activity.Q:
    void run() -> run
com.switfpass.pay.activity.QQWapPayWebView -> com.switfpass.pay.activity.QQWapPayWebView:
    boolean aw -> aw
    android.webkit.WebView ax -> ax
    java.lang.String tokenId -> tokenId
    java.lang.String ab -> ab
    java.lang.String url -> url
    void startActivity(android.app.Activity,java.lang.String,java.lang.String,java.lang.String) -> startActivity
    void startActivity(android.app.Activity,java.lang.String) -> startActivity
    void onResume() -> onResume
    void onPause() -> onPause
    void onStop() -> onStop
    void onDestroy() -> onDestroy
    void onCreate(android.os.Bundle) -> onCreate
com.switfpass.pay.activity.QrcodeActivity -> com.switfpass.pay.activity.QrcodeActivity:
    com.switfpass.pay.bean.OrderBena az -> az
    android.widget.TextView v -> v
    android.widget.RelativeLayout aA -> aA
    android.widget.TextView aB -> aB
    android.widget.TextView aC -> aC
    android.widget.TextView aD -> aD
    android.widget.ImageView aE -> aE
    android.widget.ImageView aF -> aF
    com.switfpass.pay.activity.S aG -> aG
    android.widget.RelativeLayout ad -> ad
    android.widget.RelativeLayout aH -> aH
    com.switfpass.pay.utils.MyPopupWindowUtils aI -> aI
    android.widget.PopupWindow aJ -> aJ
    android.widget.RelativeLayout aK -> aK
    android.os.Handler mHandler -> mHandler
    com.switfpass.pay.utils.DialogInfoSdk aL -> aL
    long ak -> ak
    java.lang.Runnable al -> al
    boolean aM -> aM
    void onCreate(android.os.Bundle) -> onCreate
    android.view.View getViewById(int) -> getViewById
    boolean onKeyDown(int,android.view.KeyEvent) -> onKeyDown
    void startActivity(com.switfpass.pay.bean.OrderBena,android.content.Context) -> startActivity
    void sendWxRedpack(java.lang.String) -> sendWxRedpack
    void onStop() -> onStop
    void onDestroy() -> onDestroy
    long a(com.switfpass.pay.activity.QrcodeActivity) -> a
    com.switfpass.pay.utils.DialogInfoSdk b(com.switfpass.pay.activity.QrcodeActivity) -> b
    void a(com.switfpass.pay.activity.QrcodeActivity,long) -> a
com.switfpass.pay.activity.R -> com.switfpass.pay.activity.R:
    com.switfpass.pay.activity.QrcodeActivity aN -> aN
    void onError(java.lang.Object) -> onError
    void onPreExecute() -> onPreExecute
    void onPostExecute() -> onPostExecute
    void onSucceed(java.lang.Object) -> onSucceed